<?xml version="1.0" encoding="UTF-8"?>
<testsuite xmlns:xsi="http://www.w3.org/2001/XMLSchema-instance" xsi:noNamespaceSchemaLocation="https://maven.apache.org/surefire/maven-surefire-plugin/xsd/surefire-test-report.xsd" name="com.adactin.runner.Runner_Cucumber_Class" time="24.631" tests="40" errors="0" skipped="0" failures="0">
  <properties>
[...]
</properties>
  <testcase name="Given user Launch The Browser" classname="| A | a@123 |" time="0.003"/>
  <testcase name="When user Enter &quot;A&quot; The User Name" classname="| A | a@123 |" time="0"/>
  <testcase name="And user Enter &quot;a@123&quot; The Password" classname="| A | a@123 |" time="0"/>
  <testcase name="Then user Click The Login Button" classname="| A | a@123 |" time="0"/>
  <testcase name="| A | a@123 |" classname="| A | a@123 |" time="0.003"/>
  <testcase name="Given user Launch The Browser" classname="| B | b@123 |" time="0"/>
  <testcase name="When user Enter &quot;B&quot; The User Name" classname="| B | b@123 |" time="0"/>
  <testcase name="And user Enter &quot;b@123&quot; The Password" classname="| B | b@123 |" time="0"/>
  <testcase name="Then user Click The Login Button" classname="| B | b@123 |" time="0"/>
  <testcase name="| B | b@123 |" classname="| B | b@123 |" time="0.001"/>
  <testcase name="Given user Launch The Browser" classname="| jmramachandran | Welcome@123 |" time="0"/>
  <testcase name="When user Enter &quot;jmramachandran&quot; The User Name" classname="| jmramachandran | Welcome@123 |" time="0"/>
  <testcase name="And user Enter &quot;Welcome@123&quot; The Password" classname="| jmramachandran | Welcome@123 |" time="0"/>
  <testcase name="Then user Click The Login Button" classname="| jmramachandran | Welcome@123 |" time="0"/>
  <testcase name="| jmramachandran | Welcome@123 |" classname="| jmramachandran | Welcome@123 |" time="0.002"/>
  <testcase name="When user Select A Location" classname="Scenario: search Hotel Screen" time="0"/>
  <testcase name="And user Select A Hotel" classname="Scenario: search Hotel Screen" time="0"/>
  <testcase name="And user Select A Room Type" classname="Scenario: search Hotel Screen" time="0"/>
  <testcase name="And user Choose The Number Of Rooms" classname="Scenario: search Hotel Screen" time="0"/>
  <testcase name="And user Enter Check In Date" classname="Scenario: search Hotel Screen" time="0"/>
  <testcase name="And user Enter Check Out Date" classname="Scenario: search Hotel Screen" time="0"/>
  <testcase name="And user Select Adults Per Room" classname="Scenario: search Hotel Screen" time="0"/>
  <testcase name="And user Select Childs Per Room" classname="Scenario: search Hotel Screen" time="0"/>
  <testcase name="Then user Click On Search Button" classname="Scenario: search Hotel Screen" time="0"/>
  <testcase name="Scenario: search Hotel Screen" classname="Scenario: search Hotel Screen" time="0.001"/>
  <testcase name="When user Click Radio Button" classname="Scenario: select A Hotel" time="0"/>
  <testcase name="Then user Click The Enter Button" classname="Scenario: select A Hotel" time="0"/>
  <testcase name="Scenario: select A Hotel" classname="Scenario: select A Hotel" time="0.001"/>
  <testcase name="When user Enter The First Name" classname="Scenario: Book A Hotel" time="0"/>
  <testcase name="And user Enter The Last Name" classname="Scenario: Book A Hotel" time="0"/>
  <testcase name="And user Enter The Billing Address" classname="Scenario: Book A Hotel" time="0"/>
  <testcase name="And user Enter The CC Number" classname="Scenario: Book A Hotel" time="0"/>
  <testcase name="And user Select The CC Type" classname="Scenario: Book A Hotel" time="0.001"/>
  <testcase name="And user Select Expiry Month" classname="Scenario: Book A Hotel" time="0"/>
  <testcase name="And user Select Expiry Year" classname="Scenario: Book A Hotel" time="0"/>
  <testcase name="And user Enter CVV No" classname="Scenario: Book A Hotel" time="0"/>
  <testcase name="Then user Click The Book Now Button" classname="Scenario: Book A Hotel" time="0"/>
  <testcase name="Scenario: Book A Hotel" classname="Scenario: Book A Hotel" time="0.002"/>
  <testcase name="Then user Click The Logout Button" classname="Scenario: Logout The Page" time="0"/>
  <testcase name="Scenario: Logout The Page" classname="Scenario: Logout The Page" time="0.001"/>
</testsuite>